<?xml version="1.0" encoding="UTF-8"?>
<!-- Generated by org.testng.reporters.JUnitXMLReporter -->
<testsuite hostname="HPDA0017" ignored="5" name="Regression suite 1" tests="6" failures="0" timestamp="04 Jul 2018 08:43:18 GMT" time="18.765" errors="0">
  <testcase name="verify_openDriver" time="0.301" classname="testClass.openDriver"/>
  <testcase name="verify_homePage" time="0.127" classname="testClass.homePage"/>
  <testcase name="verify_hoverPage" time="0.209" classname="testClass.hoverPage"/>
  <testcase name="verify_queryPage" time="7.979" classname="testClass.queryPage"/>
  <testcase name="verify_restPage" time="0.829" classname="testClass.restPage"/>
  <testcase name="verify_filePage" time="5.375" classname="testClass.filePage"/>
  <testcase name="@BeforeTest beforeTest" time="0.0" classname="globalClass.driver">
    <ignored/>
  </testcase> <!-- @BeforeTest beforeTest -->
  <testcase name="@BeforeTest beforeTest" time="0.0" classname="globalClass.driver">
    <ignored/>
  </testcase> <!-- @BeforeTest beforeTest -->
  <testcase name="@BeforeTest beforeTest" time="0.0" classname="globalClass.driver">
    <ignored/>
  </testcase> <!-- @BeforeTest beforeTest -->
  <testcase name="@BeforeTest beforeTest" time="0.0" classname="globalClass.driver">
    <ignored/>
  </testcase> <!-- @BeforeTest beforeTest -->
  <testcase name="@BeforeTest beforeTest" time="0.0" classname="globalClass.driver">
    <ignored/>
  </testcase> <!-- @BeforeTest beforeTest -->
</testsuite> <!-- Regression suite 1 -->
